Welcome to RDSUpgrade Tool

2024-04-30 20:21:25
                                                                                     AWS SQL RDS INPLACE-UPGRADE                                                                                     
RDS Instance identifier database-1
RDS Instance AWS Region us-east-2
RDS Instance target parameter group name default
RDS Instance target parameter group family sqlserver-se-15.0
RDS Instance target option group name default
RDS Instance target engine version 15.00.4345.5.v1

Source Engine Major version: 
13

Tareget Engine Major Version MAZ:15

Target Engine Name: sqlserver-se
RDS MultiAZ: false
Listener  endpoint: null
Tareget Major Version 15.00
Getting the source parameter group name from RDS instance
sql-stand-16
2024-04-30 20:22:00
Getting the source option group name from RDS instance
sql-stand-16
2024-04-30 20:22:03
2024-04-30 20:22:03
Custom ParameterGroup found on the source. But Default parametergroup requested for upgrade. Continuing with Default paramtergroup.
2024-04-30 20:22:03
Custom OptionGroup found on the source. But Default OptionGroup requested for upgrade. Continuing with Default OptionGroup.
Performing In Place upgrade now
2024-04-30 20:22:03
{
    "DBInstance": {
        "DBInstanceIdentifier": "database-1",
        "DBInstanceClass": "db.m5.large",
        "Engine": "sqlserver-se",
        "DBInstanceStatus": "available",
        "MasterUsername": "admin",
        "Endpoint": {
            "Address": "database-1.cvgupdj47zsh.us-east-2.rds.amazonaws.com",
            "Port": 1433,
            "HostedZoneId": "Z2XHWR1WZ565X2"
        },
        "AllocatedStorage": 200,
        "InstanceCreateTime": "2024-04-21T13:09:44.771000+00:00",
        "PreferredBackupWindow": "04:10-04:40",
        "BackupRetentionPeriod": 7,
        "DBSecurityGroups": [],
        "VpcSecurityGroups": [
            {
                "VpcSecurityGroupId": "sg-0cbb5725c25664608",
                "Status": "active"
            },
            {
                "VpcSecurityGroupId": "sg-0971ecb45de060a75",
                "Status": "active"
            }
        ],
        "DBParameterGroups": [
            {
                "DBParameterGroupName": "sql-stand-16",
                "ParameterApplyStatus": "in-sync"
            }
        ],
        "AvailabilityZone": "us-east-2a",
        "DBSubnetGroup": {
            "DBSubnetGroupName": "chc-postg-14x",
            "DBSubnetGroupDescription": "chc-postg-14x",
            "VpcId": "vpc-0ecdff1c4abd7592b",
            "SubnetGroupStatus": "Complete",
            "Subnets": [
                {
                    "SubnetIdentifier": "subnet-0af0742cb189961cc",
                    "SubnetAvailabilityZone": {
                        "Name": "us-east-2c"
                    },
                    "SubnetOutpost": {},
                    "SubnetStatus": "Active"
                },
                {
                    "SubnetIdentifier": "subnet-02d5a8fe9371d8ad2",
                    "SubnetAvailabilityZone": {
                        "Name": "us-east-2a"
                    },
                    "SubnetOutpost": {},
                    "SubnetStatus": "Active"
                },
                {
                    "SubnetIdentifier": "subnet-098ed3616c40df3f9",
                    "SubnetAvailabilityZone": {
                        "Name": "us-east-2b"
                    },
                    "SubnetOutpost": {},
                    "SubnetStatus": "Active"
                }
            ]
        },
        "PreferredMaintenanceWindow": "fri:06:08-fri:06:38",
        "PendingModifiedValues": {
            "EngineVersion": "15.00.4345.5.v1"
        },
        "LatestRestorableTime": "2024-05-01T00:17:01+00:00",
        "MultiAZ": false,
        "EngineVersion": "13.00.6300.2.v1",
        "AutoMinorVersionUpgrade": false,
        "ReadReplicaDBInstanceIdentifiers": [],
        "LicenseModel": "license-included",
        "Iops": 3000,
        "OptionGroupMemberships": [
            {
                "OptionGroupName": "default:sqlserver-se-15-00",
                "Status": "pending-apply"
            },
            {
                "OptionGroupName": "sql-stand-16",
                "Status": "pending-removal"
            }
        ],
        "CharacterSetName": "SQL_Latin1_General_CP1_CI_AS",
        "PubliclyAccessible": false,
        "StorageType": "gp3",
        "DbInstancePort": 0,
        "StorageEncrypted": true,
        "KmsKeyId": "arn:aws:kms:us-east-2:153916273869:key/3d0da788-3eb8-4fe5-9165-921cda0283c9",
        "DbiResourceId": "db-HOI5SI43NJYDQAZFBTZMPJUAB4",
        "CACertificateIdentifier": "rds-ca-rsa2048-g1",
        "DomainMemberships": [
            {
                "Domain": "d-9a677082ec",
                "Status": "joined",
                "FQDN": "upgrade.com",
                "IAMRoleName": "rds-directoryservice-access-role"
            }
        ],
        "CopyTagsToSnapshot": true,
        "MonitoringInterval": 60,
        "EnhancedMonitoringResourceArn": "arn:aws:logs:us-east-2:153916273869:log-group:RDSOSMetrics:log-stream:db-HOI5SI43NJYDQAZFBTZMPJUAB4",
        "MonitoringRoleArn": "arn:aws:iam::153916273869:role/rds-monitoring-role",
        "DBInstanceArn": "arn:aws:rds:us-east-2:153916273869:db:database-1",
        "IAMDatabaseAuthenticationEnabled": false,
        "PerformanceInsightsEnabled": true,
        "PerformanceInsightsKMSKeyId": "arn:aws:kms:us-east-2:153916273869:key/3d0da788-3eb8-4fe5-9165-921cda0283c9",
        "PerformanceInsightsRetentionPeriod": 7,
        "EnabledCloudwatchLogsExports": [
            "agent",
            "error"
        ],
        "DeletionProtection": false,
        "AssociatedRoles": [],
        "MaxAllocatedStorage": 1000,
        "TagList": [],
        "CustomerOwnedIpEnabled": false,
        "BackupTarget": "region",
        "NetworkType": "IPV4",
        "StorageThroughput": 125,
        "CertificateDetails": {
            "CAIdentifier": "rds-ca-rsa2048-g1",
            "ValidTill": "2027-04-21T13:07:15+00:00"
        },
        "DedicatedLogVolume": false
    }
}
Upgrade is in progress . Please wait
2024-04-30 20:23:41
Upgrade is in progress . Please wait
2024-04-30 20:25:14
Upgrade is in progress . Please wait
2024-04-30 20:26:46
Upgrade is in progress . Please wait
2024-04-30 20:28:19
Upgrade is in progress . Please wait
2024-04-30 20:29:51
Upgrade is in progress . Please wait
2024-04-30 20:31:24
Upgrade is in progress . Please wait
2024-04-30 20:32:57
Upgrade is in progress . Please wait
2024-04-30 20:34:29
Upgrade is in progress . Please wait
2024-04-30 20:36:02
Upgrade is in progress . Please wait
2024-04-30 20:37:34
Upgrade is in progress . Please wait
2024-04-30 20:50:41
Upgrade is in progress . Please wait
2024-04-30 20:52:15
Rebooting RDS instance
Reboot is in progress . Please wait
2024-04-30 20:54:25
RDS instance's SQL Server Engine after upgrade
[
 "15.00.4345.5.v1"
 ]
Execution time in HH MM SS
0 34 6
